<?xml version="1.0" encoding="UTF-8"?>
<testsuites name="eagleLoardTest" time="163.331" tests="1" failures="0" errors="0">
   <testsuite name="eagleLoardTest" tests="1" failures="0" errors="0" time="163.331" timestamp="2021-01-06 18:52:57" hostname="LIYWE - PC76945.de-prod.dk" id="Test Suites/eagleLoardTest">
      <properties>
         <property name="deviceName" value=""/>
         <property name="devicePlatform" value=""/>
         <property name="logFolder" value="C:\\workspace\\EaglePerformanceTest\\Reports\\20210106_185255\\eagleLoardTest\\20210106_185255"/>
         <property name="logFiles" value="C:\\workspace\\EaglePerformanceTest\\Reports\\20210106_185255\\eagleLoardTest\\20210106_185255\\execution0.log"/>
         <property name="attachments" value="C:\\\\workspace\\\\EaglePerformanceTest\\\\Reports\\\\screenshot1609930391039.png, C:\\\\workspace\\\\EaglePerformanceTest\\\\Reports\\\\screenshot1609930404635.png, C:\\\\workspace\\\\EaglePerformanceTest\\\\Reports\\\\screenshot1609930451621.png, C:\\\\workspace\\\\EaglePerformanceTest\\\\Reports\\\\screenshot1609930467464.png, C:\\\\workspace\\\\EaglePerformanceTest\\\\Reports\\\\screenshot1609930475722.png, C:\\\\workspace\\\\EaglePerformanceTest\\\\Reports\\\\screenshot1609930478345.png, C:\\\\workspace\\\\EaglePerformanceTest\\\\Reports\\\\screenshot1609930478725.png, C:\\\\workspace\\\\EaglePerformanceTest\\\\Reports\\\\screenshot1609930485095.png, C:\\\\workspace\\\\EaglePerformanceTest\\\\Reports\\\\screenshot1609930492555.png"/>
         <property name="hostName" value="LIYWE - PC76945.de-prod.dk"/>
         <property name="os" value="Windows 10 64bit"/>
         <property name="katalonVersion" value="7.2.1.1"/>
         <property name="browser" value="Chrome 87.0.4280.88"/>
         <property name="hostAddress" value="10.62.12.56"/>
         <property name="sessionId" value="6ca059e9d0f648f15488a4cac8902f91"/>
         <property name="seleniumVersion" value="3.141.59"/>
         <property name="proxyInformation" value="ProxyInformation{proxyOption=NO_PROXY, proxyServerType=HTTP, password=, proxyServerAddress=, proxyServerPort=0, executionList=}"/>
         <property name="platform" value="Windows 10"/>
      </properties>
      <testcase name="Test Cases/Eagle performance test" time="121.237" classname="Test Cases/Eagle performance test" status="PASSED">
         <system-out><![CDATA[2021-01-06 18:52:58 - [TEST_CASE][PASSED] - Test Cases/Eagle performance test: Test Cases/Eagle performance test

2021-01-06 18:52:58 - [TEST_STEP][PASSED] - Start listener action : sampleBeforeTestCase: null

2021-01-06 18:52:58 - [TEST_STEP][PASSED] - n = Integer.parseInt(findTestData("testData").getValue(14, 1)): null

2021-01-06 18:52:59 - [TEST_STEP][PASSED] - overviewPageLoadingTestFlag = findTestData("testCases").getValue(2, 1): null

2021-01-06 18:52:59 - [TEST_STEP][PASSED] - searchWithGroupTypeTestFlag = findTestData("testCases").getValue(2, 2): null

2021-01-06 18:52:59 - [TEST_STEP][PASSED] - dataScreenPageLoadingTestFlag = findTestData("testCases").getValue(2, 3): null

2021-01-06 18:52:59 - [TEST_STEP][PASSED] - OpenApplicationInNewTabTestFlag = findTestData("testCases").getValue(2, 4): null

2021-01-06 18:52:59 - [TEST_STEP][PASSED] - testCaseList = new java.util.HashMap(): null

2021-01-06 18:52:59 - [TEST_STEP][PASSED] - if (overviewPageLoadingTestFlag == "true"): null

2021-01-06 18:52:59 - [TEST_STEP][PASSED] - overviewPageLoadingTest = getInstance().getReportTest("Overview page loading", "Verify overview page loading with" + n + " number of users"): null

2021-01-06 18:52:59 - [TEST_STEP][PASSED] - testCaseList.put("overviewPageLoadingTest", overviewPageLoadingTest): null

2021-01-06 18:52:59 - [TEST_STEP][PASSED] - if (searchWithGroupTypeTestFlag == "true"): null

2021-01-06 18:52:59 - [TEST_STEP][PASSED] - if (dataScreenPageLoadingTestFlag == "true"): null

2021-01-06 18:52:59 - [TEST_STEP][PASSED] - dataScreenPageLoadingTest = getInstance().getReportTest("Verify Data screen page loading", "Verify Data screen page loading for " + n + " number of users"): null

2021-01-06 18:52:59 - [TEST_STEP][PASSED] - testCaseList.put("dataScreenPageLoadingTest", dataScreenPageLoadingTest): null

2021-01-06 18:52:59 - [TEST_STEP][PASSED] - if (OpenApplicationInNewTabTestFlag == "true"): null

2021-01-06 18:52:59 - [TEST_STEP][PASSED] - OpenApplicationInNewTabTest = getInstance().getReportTest("Verify opening eagle app in new tab", "Verify Dopening eagle app in new tabs for " + n + " number of users"): null

2021-01-06 18:53:00 - [TEST_STEP][PASSED] - testCaseList.put("OpenApplicationInNewTabTest", OpenApplicationInNewTabTest): null

2021-01-06 18:53:00 - [TEST_STEP][PASSED] - CreateDriver().createDriver(testCaseList): Delayed 5 second(s)

2021-01-06 18:53:08 - [MESSAGE][PASSED] - Navigate to 'https://development.eagle3.orsted.dk/#/Home' successfully

2021-01-06 18:53:09 - [MESSAGE][PASSED] - Delayed 5 second(s)

2021-01-06 18:53:11 - [MESSAGE][PASSED] - Current window maximized

2021-01-06 18:53:11 - [MESSAGE][PASSED] - Taking screenshot successfully
[[ATTACHMENT|C:\\\\workspace\\\\EaglePerformanceTest\\\\Reports\\\\screenshot1609930391039.png]]

2021-01-06 18:53:11 - [MESSAGE][PASSED] - Wait for page load successfully

2021-01-06 18:53:14 - [MESSAGE][PASSED] - Delayed 5 second(s)

2021-01-06 18:53:19 - [MESSAGE][PASSED] - Delayed 5 second(s)

2021-01-06 18:53:21 - [MESSAGE][PASSED] - Delayed 10 second(s)

2021-01-06 18:53:24 - [MESSAGE][PASSED] - Delayed 5 second(s)

2021-01-06 18:53:24 - [MESSAGE][PASSED] - Object: 'Object Repository/logIn/loginBtn' is clicked on

2021-01-06 18:53:25 - [MESSAGE][PASSED] - Taking screenshot successfully
[[ATTACHMENT|C:\\\\workspace\\\\EaglePerformanceTest\\\\Reports\\\\screenshot1609930404635.png]]

2021-01-06 18:53:26 - [MESSAGE][PASSED] - Object 'Object Repository/logIn/signPage' is present

2021-01-06 18:53:26 - [MESSAGE][PASSED] - Text 'liywe@orsted.dk' is set on object 'Object Repository/logIn/loginEmail'

2021-01-06 18:53:26 - [MESSAGE][PASSED] - Object: 'Object Repository/logIn/nextBtn' is clicked on

2021-01-06 18:53:26 - [MESSAGE][PASSED] - Text 'dedu#654321@' is set on object 'Object Repository/logIn/loginPW'

2021-01-06 18:53:28 - [MESSAGE][PASSED] - Delayed 2 second(s)

2021-01-06 18:53:29 - [MESSAGE][PASSED] - Delayed 5 second(s)

2021-01-06 18:53:30 - [MESSAGE][PASSED] - Object: 'Object Repository/logIn/signInBtn' is clicked on

2021-01-06 18:53:32 - [MESSAGE][PASSED] - Delayed 2 second(s)

2021-01-06 18:53:34 - [MESSAGE][PASSED] - Object: 'Object Repository/logIn/permissionConfirmationBtn' is clicked on

2021-01-06 18:53:34 - [MESSAGE][PASSED] - Refresh successfully

2021-01-06 18:53:34 - [MESSAGE][PASSED] - Delayed 5 second(s)

2021-01-06 18:53:39 - [MESSAGE][PASSED] - Delayed 5 second(s)

2021-01-06 18:53:44 - [MESSAGE][PASSED] - Delayed 5 second(s)

2021-01-06 18:53:49 - [MESSAGE][PASSED] - Delayed 5 second(s)

2021-01-06 18:53:54 - [MESSAGE][PASSED] - Delayed 5 second(s)

2021-01-06 18:53:59 - [MESSAGE][PASSED] - Delayed 5 second(s)

2021-01-06 18:54:04 - [MESSAGE][PASSED] - Delayed 5 second(s)

2021-01-06 18:54:09 - [MESSAGE][PASSED] - Delayed 5 second(s)

2021-01-06 18:54:11 - [MESSAGE][PASSED] - Object 'Object Repository/overviewPages/readingAndApprova/tableRow' is present

2021-01-06 18:54:11 - [MESSAGE][PASSED] - Taking screenshot successfully
[[ATTACHMENT|C:\\\\workspace\\\\EaglePerformanceTest\\\\Reports\\\\screenshot1609930451621.png]]

2021-01-06 18:54:14 - [MESSAGE][PASSED] - Delayed 5 second(s)

2021-01-06 18:54:17 - [MESSAGE][PASSED] - Delayed 5 second(s)

2021-01-06 18:54:19 - [MESSAGE][PASSED] - Delayed 5 second(s)

2021-01-06 18:54:22 - [MESSAGE][PASSED] - Delayed 5 second(s)

2021-01-06 18:54:22 - [MESSAGE][PASSED] - Text 'AVV Skibsanløb Træpiller - indtil ultimo 2015' is set on object 'Object Repository/overviewPages/readingAndApprova/groupName'

2021-01-06 18:54:24 - [MESSAGE][PASSED] - Delayed 5 second(s)

2021-01-06 18:54:27 - [MESSAGE][PASSED] - Delayed 5 second(s)

2021-01-06 18:54:27 - [MESSAGE][PASSED] - Taking screenshot successfully
[[ATTACHMENT|C:\\\\workspace\\\\EaglePerformanceTest\\\\Reports\\\\screenshot1609930467464.png]]

2021-01-06 18:54:27 - [MESSAGE][PASSED] - Object: 'Object Repository/overviewPages/readingAndApprova/groupName' is clicked on

2021-01-06 18:54:29 - [MESSAGE][PASSED] - Delayed 5 second(s)

2021-01-06 18:54:32 - [MESSAGE][PASSED] - Delayed 5 second(s)

2021-01-06 18:54:33 - [MESSAGE][PASSED] - Object 'Object Repository/common/searchBtn' is clickable

2021-01-06 18:54:33 - [MESSAGE][PASSED] - Object: 'Object Repository/common/searchBtn' is clicked on

2021-01-06 18:54:34 - [MESSAGE][PASSED] - Delayed 5 second(s)

2021-01-06 18:54:35 - [MESSAGE][PASSED] - Delayed 2 second(s)

2021-01-06 18:54:35 - [MESSAGE][PASSED] - Web element with id: 'Object Repository/common/spinner' located by 'By.xpath: //*[@class='spinner spinner-loader ng-star-inserted']
' is not present after '120' second(s)

2021-01-06 18:54:36 - [MESSAGE][PASSED] - Taking screenshot successfully
[[ATTACHMENT|C:\\\\workspace\\\\EaglePerformanceTest\\\\Reports\\\\screenshot1609930475722.png]]

2021-01-06 18:54:36 - [MESSAGE][PASSED] - Modify property of object successfully

2021-01-06 18:54:36 - [MESSAGE][PASSED] - Modify property of object successfully

2021-01-06 18:54:36 - [MESSAGE][PASSED] - Object: 'Object Repository/overviewPages/readingAndApprova/nameHyperLink' is clicked on

2021-01-06 18:54:38 - [MESSAGE][PASSED] - Delayed 2 second(s)

2021-01-06 18:54:38 - [MESSAGE][PASSED] - Object 'Object Repository/dataScreen/dataScreenPageHeading' is present

2021-01-06 18:54:38 - [MESSAGE][PASSED] - Taking screenshot successfully
[[ATTACHMENT|C:\\\\workspace\\\\EaglePerformanceTest\\\\Reports\\\\screenshot1609930478345.png]]

2021-01-06 18:54:38 - [MESSAGE][PASSED] - Object 'Object Repository/dataScreen/periodField' is present

2021-01-06 18:54:39 - [MESSAGE][PASSED] - Taking screenshot successfully
[[ATTACHMENT|C:\\\\workspace\\\\EaglePerformanceTest\\\\Reports\\\\screenshot1609930478725.png]]

2021-01-06 18:54:39 - [MESSAGE][PASSED] - Execute JavaScript 'window.open();' successfully

2021-01-06 18:54:39 - [MESSAGE][PASSED] - Current window's index is: 0

2021-01-06 18:54:39 - [MESSAGE][PASSED] - Switched to window with index: '1'

2021-01-06 18:54:39 - [MESSAGE][PASSED] - Delayed 5 second(s)

2021-01-06 18:54:41 - [MESSAGE][PASSED] - Navigate to 'https://development.eagle3.orsted.dk/#/Home' successfully

2021-01-06 18:54:44 - [MESSAGE][PASSED] - Delayed 5 second(s)

2021-01-06 18:54:45 - [MESSAGE][PASSED] - Object 'Object Repository/overviewPages/readingAndApprova/tableRow' is present

2021-01-06 18:54:45 - [MESSAGE][PASSED] - Taking screenshot successfully
[[ATTACHMENT|C:\\\\workspace\\\\EaglePerformanceTest\\\\Reports\\\\screenshot1609930485095.png]]

2021-01-06 18:54:45 - [MESSAGE][PASSED] - Switched to window with index: '0'

2021-01-06 18:54:45 - [MESSAGE][PASSED] - Object: 'Object Repository/user/userBtn' is clicked on

2021-01-06 18:54:45 - [MESSAGE][PASSED] - Object 'Object Repository/user/signout' is visible

2021-01-06 18:54:48 - [MESSAGE][PASSED] - Delayed 3 second(s)

2021-01-06 18:54:49 - [MESSAGE][PASSED] - Delayed 5 second(s)

2021-01-06 18:54:51 - [MESSAGE][PASSED] - Object: 'Object Repository/user/signout' is clicked on

2021-01-06 18:54:52 - [MESSAGE][PASSED] - Object 'Object Repository/logIn/loginBtn' is visible

2021-01-06 18:54:52 - [MESSAGE][PASSED] - Wait for page load successfully

2021-01-06 18:54:52 - [MESSAGE][PASSED] - Taking screenshot successfully
[[ATTACHMENT|C:\\\\workspace\\\\EaglePerformanceTest\\\\Reports\\\\screenshot1609930492555.png]]

2021-01-06 18:54:54 - [MESSAGE][PASSED] - Delayed 5 second(s)

2021-01-06 18:54:57 - [MESSAGE][PASSED] - Delayed 5 second(s)

2021-01-06 18:54:59 - [MESSAGE][PASSED] - Delayed 5 second(s)

2021-01-06 18:54:59 - [TEST_STEP][PASSED] - Start listener action : sampleAfterTestCase: null]]></system-out>
         <system-err><![CDATA[]]></system-err>
      </testcase>
      <system-out><![CDATA[2021-01-06 18:52:57 - [TEST_SUITE][PASSED] - eagleLoardTest: Test Cases/Eagle performance test]]></system-out>
      <system-err><![CDATA[]]></system-err>
   </testsuite>
</testsuites>
