<?xml version="1.0" encoding="UTF-8"?>
<testsuites name="eagleLoardTest" time="136.898" tests="1" failures="0" errors="0">
   <testsuite name="eagleLoardTest" tests="1" failures="0" errors="0" time="136.898" timestamp="2021-01-06 17:32:59" hostname="LIYWE - PC76945.de-prod.dk" id="Test Suites/eagleLoardTest">
      <properties>
         <property name="deviceName" value=""/>
         <property name="devicePlatform" value=""/>
         <property name="logFolder" value="C:\\workspace\\EaglePerformanceTest\\Reports\\20210106_173257\\eagleLoardTest\\20210106_173257"/>
         <property name="logFiles" value="C:\\workspace\\EaglePerformanceTest\\Reports\\20210106_173257\\eagleLoardTest\\20210106_173257\\execution0.log"/>
         <property name="attachments" value="C:\\\\workspace\\\\EaglePerformanceTest\\\\Reports\\\\screenshot1609925593184.png, C:\\\\workspace\\\\EaglePerformanceTest\\\\Reports\\\\screenshot1609925604787.png, C:\\\\workspace\\\\EaglePerformanceTest\\\\Reports\\\\screenshot1609925628000.png, C:\\\\workspace\\\\EaglePerformanceTest\\\\Reports\\\\screenshot1609925643837.png, C:\\\\workspace\\\\EaglePerformanceTest\\\\Reports\\\\screenshot1609925652143.png, C:\\\\workspace\\\\EaglePerformanceTest\\\\Reports\\\\screenshot1609925654788.png, C:\\\\workspace\\\\EaglePerformanceTest\\\\Reports\\\\screenshot1609925655170.png, C:\\\\workspace\\\\EaglePerformanceTest\\\\Reports\\\\screenshot1609925661980.png"/>
         <property name="hostName" value="LIYWE - PC76945.de-prod.dk"/>
         <property name="os" value="Windows 10 64bit"/>
         <property name="katalonVersion" value="7.2.1.1"/>
         <property name="browser" value="Chrome 87.0.4280.88"/>
         <property name="hostAddress" value="10.62.12.56"/>
         <property name="sessionId" value="5dcff75916648f24302849f6d5c683f0"/>
         <property name="seleniumVersion" value="3.141.59"/>
         <property name="proxyInformation" value="ProxyInformation{proxyOption=NO_PROXY, proxyServerType=HTTP, password=, proxyServerAddress=, proxyServerPort=0, executionList=}"/>
         <property name="platform" value="Windows 10"/>
      </properties>
      <testcase name="Test Cases/Eagle performance test" time="91.488" classname="Test Cases/Eagle performance test" status="PASSED">
         <system-out><![CDATA[2021-01-06 17:32:59 - [TEST_CASE][PASSED] - Test Cases/Eagle performance test: Test Cases/Eagle performance test

2021-01-06 17:32:59 - [TEST_STEP][PASSED] - Start listener action : sampleBeforeTestCase: null

2021-01-06 17:33:00 - [TEST_STEP][PASSED] - n = Integer.parseInt(findTestData("testData").getValue(14, 1)): null

2021-01-06 17:33:01 - [TEST_STEP][PASSED] - overviewPageLoadingTestFlag = findTestData("testCases").getValue(2, 1): null

2021-01-06 17:33:01 - [TEST_STEP][PASSED] - searchWithGroupTypeTestFlag = findTestData("testCases").getValue(2, 2): null

2021-01-06 17:33:01 - [TEST_STEP][PASSED] - dataScreenPageLoadingTestFlag = findTestData("testCases").getValue(2, 3): null

2021-01-06 17:33:01 - [TEST_STEP][PASSED] - testCaseList = new java.util.HashMap(): null

2021-01-06 17:33:01 - [TEST_STEP][PASSED] - if (overviewPageLoadingTestFlag == "true"): null

2021-01-06 17:33:01 - [TEST_STEP][PASSED] - overviewPageLoadingTest = getInstance().getReportTest("Overview page loading", "Verify overview page loading with" + n + " number of users"): null

2021-01-06 17:33:01 - [TEST_STEP][PASSED] - testCaseList.put("overviewPageLoadingTest", overviewPageLoadingTest): null

2021-01-06 17:33:01 - [TEST_STEP][PASSED] - if (searchWithGroupTypeTestFlag == "true"): null

2021-01-06 17:33:01 - [TEST_STEP][PASSED] - if (dataScreenPageLoadingTestFlag == "true"): null

2021-01-06 17:33:01 - [TEST_STEP][PASSED] - dataScreenPageLoadingTest = getInstance().getReportTest("Verify Data screen page loading", "Verify Data screen page loading for " + n + " number of users"): null

2021-01-06 17:33:02 - [TEST_STEP][PASSED] - testCaseList.put("dataScreenPageLoadingTest", dataScreenPageLoadingTest): null

2021-01-06 17:33:02 - [TEST_STEP][PASSED] - CreateDriver().createDriver(testCaseList): Delayed 5 second(s)

2021-01-06 17:33:11 - [MESSAGE][PASSED] - Navigate to 'https://development.eagle3.orsted.dk/#/Home' successfully

2021-01-06 17:33:11 - [MESSAGE][PASSED] - Delayed 5 second(s)

2021-01-06 17:33:13 - [MESSAGE][PASSED] - Current window maximized

2021-01-06 17:33:13 - [MESSAGE][PASSED] - Taking screenshot successfully
[[ATTACHMENT|C:\\\\workspace\\\\EaglePerformanceTest\\\\Reports\\\\screenshot1609925593184.png]]

2021-01-06 17:33:13 - [MESSAGE][PASSED] - Wait for page load successfully

2021-01-06 17:33:16 - [MESSAGE][PASSED] - Delayed 5 second(s)

2021-01-06 17:33:21 - [MESSAGE][PASSED] - Delayed 5 second(s)

2021-01-06 17:33:23 - [MESSAGE][PASSED] - Delayed 10 second(s)

2021-01-06 17:33:24 - [MESSAGE][PASSED] - Object: 'Object Repository/logIn/loginBtn' is clicked on

2021-01-06 17:33:25 - [MESSAGE][PASSED] - Taking screenshot successfully
[[ATTACHMENT|C:\\\\workspace\\\\EaglePerformanceTest\\\\Reports\\\\screenshot1609925604787.png]]

2021-01-06 17:33:26 - [MESSAGE][PASSED] - Delayed 5 second(s)

2021-01-06 17:33:26 - [MESSAGE][PASSED] - Object 'Object Repository/logIn/signPage' is present

2021-01-06 17:33:26 - [MESSAGE][PASSED] - Text 'liywe@orsted.dk' is set on object 'Object Repository/logIn/loginEmail'

2021-01-06 17:33:26 - [MESSAGE][PASSED] - Object: 'Object Repository/logIn/nextBtn' is clicked on

2021-01-06 17:33:26 - [MESSAGE][PASSED] - Text 'dedu#654321@' is set on object 'Object Repository/logIn/loginPW'

2021-01-06 17:33:28 - [MESSAGE][PASSED] - Delayed 2 second(s)

2021-01-06 17:33:30 - [MESSAGE][PASSED] - Object: 'Object Repository/logIn/signInBtn' is clicked on

2021-01-06 17:33:31 - [MESSAGE][PASSED] - Delayed 5 second(s)

2021-01-06 17:33:32 - [MESSAGE][PASSED] - Delayed 2 second(s)

2021-01-06 17:33:34 - [MESSAGE][PASSED] - Object: 'Object Repository/logIn/permissionConfirmationBtn' is clicked on

2021-01-06 17:33:34 - [MESSAGE][PASSED] - Refresh successfully

2021-01-06 17:33:36 - [MESSAGE][PASSED] - Delayed 5 second(s)

2021-01-06 17:33:41 - [MESSAGE][PASSED] - Delayed 5 second(s)

2021-01-06 17:33:46 - [MESSAGE][PASSED] - Delayed 5 second(s)

2021-01-06 17:33:47 - [MESSAGE][PASSED] - Object 'Object Repository/overviewPages/readingAndApprova/tableRow' is present

2021-01-06 17:33:48 - [MESSAGE][PASSED] - Taking screenshot successfully
[[ATTACHMENT|C:\\\\workspace\\\\EaglePerformanceTest\\\\Reports\\\\screenshot1609925628000.png]]

2021-01-06 17:33:51 - [MESSAGE][PASSED] - Delayed 5 second(s)

2021-01-06 17:33:53 - [MESSAGE][PASSED] - Delayed 5 second(s)

2021-01-06 17:33:56 - [MESSAGE][PASSED] - Delayed 5 second(s)

2021-01-06 17:33:58 - [MESSAGE][PASSED] - Delayed 5 second(s)

2021-01-06 17:33:58 - [MESSAGE][PASSED] - Text 'AVV Skibsanløb Træpiller - indtil ultimo 2015' is set on object 'Object Repository/overviewPages/readingAndApprova/groupName'

2021-01-06 17:34:01 - [MESSAGE][PASSED] - Delayed 5 second(s)

2021-01-06 17:34:03 - [MESSAGE][PASSED] - Delayed 5 second(s)

2021-01-06 17:34:04 - [MESSAGE][PASSED] - Taking screenshot successfully
[[ATTACHMENT|C:\\\\workspace\\\\EaglePerformanceTest\\\\Reports\\\\screenshot1609925643837.png]]

2021-01-06 17:34:04 - [MESSAGE][PASSED] - Object: 'Object Repository/overviewPages/readingAndApprova/groupName' is clicked on

2021-01-06 17:34:06 - [MESSAGE][PASSED] - Delayed 5 second(s)

2021-01-06 17:34:09 - [MESSAGE][PASSED] - Delayed 5 second(s)

2021-01-06 17:34:09 - [MESSAGE][PASSED] - Object 'Object Repository/common/searchBtn' is clickable

2021-01-06 17:34:09 - [MESSAGE][PASSED] - Object: 'Object Repository/common/searchBtn' is clicked on

2021-01-06 17:34:11 - [MESSAGE][PASSED] - Delayed 5 second(s)

2021-01-06 17:34:11 - [MESSAGE][PASSED] - Delayed 2 second(s)

2021-01-06 17:34:12 - [MESSAGE][PASSED] - Web element with id: 'Object Repository/common/spinner' located by 'By.xpath: //*[@class='spinner spinner-loader ng-star-inserted']
' is not present after '120' second(s)

2021-01-06 17:34:12 - [MESSAGE][PASSED] - Taking screenshot successfully
[[ATTACHMENT|C:\\\\workspace\\\\EaglePerformanceTest\\\\Reports\\\\screenshot1609925652143.png]]

2021-01-06 17:34:12 - [MESSAGE][PASSED] - Modify property of object successfully

2021-01-06 17:34:12 - [MESSAGE][PASSED] - Modify property of object successfully

2021-01-06 17:34:12 - [MESSAGE][PASSED] - Object: 'Object Repository/overviewPages/readingAndApprova/nameHyperLink' is clicked on

2021-01-06 17:34:14 - [MESSAGE][PASSED] - Delayed 2 second(s)

2021-01-06 17:34:14 - [MESSAGE][PASSED] - Object 'Object Repository/dataScreen/dataScreenPageHeading' is present

2021-01-06 17:34:15 - [MESSAGE][PASSED] - Taking screenshot successfully
[[ATTACHMENT|C:\\\\workspace\\\\EaglePerformanceTest\\\\Reports\\\\screenshot1609925654788.png]]

2021-01-06 17:34:15 - [MESSAGE][PASSED] - Object 'Object Repository/dataScreen/periodField' is present

2021-01-06 17:34:15 - [MESSAGE][PASSED] - Taking screenshot successfully
[[ATTACHMENT|C:\\\\workspace\\\\EaglePerformanceTest\\\\Reports\\\\screenshot1609925655170.png]]

2021-01-06 17:34:15 - [MESSAGE][PASSED] - Object: 'Object Repository/user/userBtn' is clicked on

2021-01-06 17:34:15 - [MESSAGE][PASSED] - Object 'Object Repository/user/signout' is visible

2021-01-06 17:34:16 - [MESSAGE][PASSED] - Delayed 5 second(s)

2021-01-06 17:34:18 - [MESSAGE][PASSED] - Delayed 3 second(s)

2021-01-06 17:34:20 - [MESSAGE][PASSED] - Object: 'Object Repository/user/signout' is clicked on

2021-01-06 17:34:21 - [MESSAGE][PASSED] - Delayed 5 second(s)

2021-01-06 17:34:21 - [MESSAGE][PASSED] - Object 'Object Repository/logIn/loginBtn' is visible

2021-01-06 17:34:21 - [MESSAGE][PASSED] - Wait for page load successfully

2021-01-06 17:34:22 - [MESSAGE][PASSED] - Taking screenshot successfully
[[ATTACHMENT|C:\\\\workspace\\\\EaglePerformanceTest\\\\Reports\\\\screenshot1609925661980.png]]

2021-01-06 17:34:26 - [MESSAGE][PASSED] - Delayed 5 second(s)

2021-01-06 17:34:27 - [MESSAGE][PASSED] - Delayed 5 second(s)

2021-01-06 17:34:31 - [MESSAGE][PASSED] - Delayed 5 second(s)

2021-01-06 17:34:31 - [TEST_STEP][PASSED] - Start listener action : sampleAfterTestCase: null]]></system-out>
         <system-err><![CDATA[]]></system-err>
      </testcase>
      <system-out><![CDATA[2021-01-06 17:32:59 - [TEST_SUITE][PASSED] - eagleLoardTest: Test Cases/Eagle performance test]]></system-out>
      <system-err><![CDATA[]]></system-err>
   </testsuite>
</testsuites>
