<?xml version="1.0" encoding="UTF-8"?>
<testsuites name="eagleLoardTest" time="132.545" tests="1" failures="0" errors="0">
   <testsuite name="eagleLoardTest" tests="1" failures="0" errors="0" time="132.545" timestamp="2021-01-06 14:40:16" hostname="LIYWE - PC76945.de-prod.dk" id="Test Suites/eagleLoardTest">
      <properties>
         <property name="deviceName" value=""/>
         <property name="devicePlatform" value=""/>
         <property name="logFolder" value="C:\\workspace\\EaglePerformanceTest\\Reports\\20210106_144014\\eagleLoardTest\\20210106_144014"/>
         <property name="logFiles" value="C:\\workspace\\EaglePerformanceTest\\Reports\\20210106_144014\\eagleLoardTest\\20210106_144014\\execution0.log"/>
         <property name="attachments" value="C:\\\\workspace\\\\EaglePerformanceTest\\\\Reports\\\\screenshot1609915230181.png, C:\\\\workspace\\\\EaglePerformanceTest\\\\Reports\\\\screenshot1609915241821.png, C:\\\\workspace\\\\EaglePerformanceTest\\\\Reports\\\\screenshot1609915273865.png, C:\\\\workspace\\\\EaglePerformanceTest\\\\Reports\\\\screenshot1609915289759.png, C:\\\\workspace\\\\EaglePerformanceTest\\\\Reports\\\\screenshot1609915298075.png, C:\\\\workspace\\\\EaglePerformanceTest\\\\Reports\\\\screenshot1609915300732.png, C:\\\\workspace\\\\EaglePerformanceTest\\\\Reports\\\\screenshot1609915301100.png, C:\\\\workspace\\\\EaglePerformanceTest\\\\Reports\\\\screenshot1609915308516.png"/>
         <property name="hostName" value="LIYWE - PC76945.de-prod.dk"/>
         <property name="os" value="Windows 10 64bit"/>
         <property name="katalonVersion" value="7.2.1.1"/>
         <property name="browser" value="Chrome 87.0.4280.88"/>
         <property name="hostAddress" value="10.62.12.56"/>
         <property name="sessionId" value="300055dd9c91b0adb86031abf4c764d9"/>
         <property name="seleniumVersion" value="3.141.59"/>
         <property name="proxyInformation" value="ProxyInformation{proxyOption=NO_PROXY, proxyServerType=HTTP, password=, proxyServerAddress=, proxyServerPort=0, executionList=}"/>
         <property name="platform" value="Windows 10"/>
      </properties>
      <testcase name="Test Cases/Eagle performance test" time="101.107" classname="Test Cases/Eagle performance test" status="PASSED">
         <system-out><![CDATA[2021-01-06 14:40:16 - [TEST_CASE][PASSED] - Test Cases/Eagle performance test: Test Cases/Eagle performance test

2021-01-06 14:40:17 - [TEST_STEP][PASSED] - Start listener action : sampleBeforeTestCase: null

2021-01-06 14:40:17 - [TEST_STEP][PASSED] - n = Integer.parseInt(findTestData("testData").getValue(14, 1)): null

2021-01-06 14:40:17 - [TEST_STEP][PASSED] - overviewPageLoadingTestFlag = findTestData("testCases").getValue(2, 1): null

2021-01-06 14:40:17 - [TEST_STEP][PASSED] - searchWithGroupTypeTestFlag = findTestData("testCases").getValue(2, 2): null

2021-01-06 14:40:17 - [TEST_STEP][PASSED] - dataScreenPageLoadingTestFlag = findTestData("testCases").getValue(2, 3): null

2021-01-06 14:40:17 - [TEST_STEP][PASSED] - testCaseList = new java.util.HashMap(): null

2021-01-06 14:40:17 - [TEST_STEP][PASSED] - if (overviewPageLoadingTestFlag == "true"): null

2021-01-06 14:40:17 - [TEST_STEP][PASSED] - overviewPageLoadingTest = getInstance().getReportTest("Overview page loading", "Verify overview page loading with" + n + " number of users"): null

2021-01-06 14:40:18 - [TEST_STEP][PASSED] - testCaseList.put("overviewPageLoadingTest", overviewPageLoadingTest): null

2021-01-06 14:40:18 - [TEST_STEP][PASSED] - if (searchWithGroupTypeTestFlag == "true"): null

2021-01-06 14:40:18 - [TEST_STEP][PASSED] - if (dataScreenPageLoadingTestFlag == "true"): null

2021-01-06 14:40:18 - [TEST_STEP][PASSED] - dataScreenPageLoadingTest = getInstance().getReportTest("Verify Data screen page loading", "Verify Data screen page loading for " + n + " number of users"): null

2021-01-06 14:40:18 - [TEST_STEP][PASSED] - testCaseList.put("dataScreenPageLoadingTest", dataScreenPageLoadingTest): null

2021-01-06 14:40:18 - [TEST_STEP][PASSED] - CreateDriver().createDriver(testCaseList): Delayed 5 second(s)

2021-01-06 14:40:27 - [MESSAGE][PASSED] - Navigate to 'https://development.eagle3.orsted.dk/#/Home' successfully

2021-01-06 14:40:28 - [MESSAGE][PASSED] - Delayed 5 second(s)

2021-01-06 14:40:30 - [MESSAGE][PASSED] - Current window maximized

2021-01-06 14:40:30 - [MESSAGE][PASSED] - Taking screenshot successfully
[[ATTACHMENT|C:\\\\workspace\\\\EaglePerformanceTest\\\\Reports\\\\screenshot1609915230181.png]]

2021-01-06 14:40:30 - [MESSAGE][PASSED] - Wait for page load successfully

2021-01-06 14:40:33 - [MESSAGE][PASSED] - Delayed 5 second(s)

2021-01-06 14:40:38 - [MESSAGE][PASSED] - Delayed 5 second(s)

2021-01-06 14:40:40 - [MESSAGE][PASSED] - Delayed 10 second(s)

2021-01-06 14:40:41 - [MESSAGE][PASSED] - Object: 'Object Repository/logIn/loginBtn' is clicked on

2021-01-06 14:40:42 - [MESSAGE][PASSED] - Taking screenshot successfully
[[ATTACHMENT|C:\\\\workspace\\\\EaglePerformanceTest\\\\Reports\\\\screenshot1609915241821.png]]

2021-01-06 14:40:43 - [MESSAGE][PASSED] - Delayed 5 second(s)

2021-01-06 14:40:43 - [MESSAGE][PASSED] - Object 'Object Repository/logIn/signPage' is present

2021-01-06 14:40:43 - [MESSAGE][PASSED] - Text 'liywe@orsted.dk' is set on object 'Object Repository/logIn/loginEmail'

2021-01-06 14:40:43 - [MESSAGE][PASSED] - Object: 'Object Repository/logIn/nextBtn' is clicked on

2021-01-06 14:40:44 - [MESSAGE][PASSED] - Text 'dedu#654321@' is set on object 'Object Repository/logIn/loginPW'

2021-01-06 14:40:46 - [MESSAGE][PASSED] - Delayed 2 second(s)

2021-01-06 14:40:47 - [MESSAGE][PASSED] - Object: 'Object Repository/logIn/signInBtn' is clicked on

2021-01-06 14:40:48 - [MESSAGE][PASSED] - Delayed 5 second(s)

2021-01-06 14:40:49 - [MESSAGE][PASSED] - Delayed 2 second(s)

2021-01-06 14:40:51 - [MESSAGE][PASSED] - Object: 'Object Repository/logIn/permissionConfirmationBtn' is clicked on

2021-01-06 14:40:51 - [MESSAGE][PASSED] - Refresh successfully

2021-01-06 14:40:53 - [MESSAGE][PASSED] - Delayed 5 second(s)

2021-01-06 14:40:58 - [MESSAGE][PASSED] - Delayed 5 second(s)

2021-01-06 14:41:03 - [MESSAGE][PASSED] - Delayed 5 second(s)

2021-01-06 14:41:08 - [MESSAGE][PASSED] - Delayed 5 second(s)

2021-01-06 14:41:13 - [MESSAGE][PASSED] - Delayed 5 second(s)

2021-01-06 14:41:13 - [MESSAGE][PASSED] - Object 'Object Repository/overviewPages/readingAndApprova/tableRow' is present

2021-01-06 14:41:14 - [MESSAGE][PASSED] - Taking screenshot successfully
[[ATTACHMENT|C:\\\\workspace\\\\EaglePerformanceTest\\\\Reports\\\\screenshot1609915273865.png]]

2021-01-06 14:41:18 - [MESSAGE][PASSED] - Delayed 5 second(s)

2021-01-06 14:41:19 - [MESSAGE][PASSED] - Delayed 5 second(s)

2021-01-06 14:41:23 - [MESSAGE][PASSED] - Delayed 5 second(s)

2021-01-06 14:41:24 - [MESSAGE][PASSED] - Delayed 5 second(s)

2021-01-06 14:41:24 - [MESSAGE][PASSED] - Text 'AVV Skibsanløb Træpiller - indtil ultimo 2015' is set on object 'Object Repository/overviewPages/readingAndApprova/groupName'

2021-01-06 14:41:28 - [MESSAGE][PASSED] - Delayed 5 second(s)

2021-01-06 14:41:29 - [MESSAGE][PASSED] - Delayed 5 second(s)

2021-01-06 14:41:30 - [MESSAGE][PASSED] - Taking screenshot successfully
[[ATTACHMENT|C:\\\\workspace\\\\EaglePerformanceTest\\\\Reports\\\\screenshot1609915289759.png]]

2021-01-06 14:41:30 - [MESSAGE][PASSED] - Object: 'Object Repository/overviewPages/readingAndApprova/groupName' is clicked on

2021-01-06 14:41:33 - [MESSAGE][PASSED] - Delayed 5 second(s)

2021-01-06 14:41:35 - [MESSAGE][PASSED] - Delayed 5 second(s)

2021-01-06 14:41:35 - [MESSAGE][PASSED] - Object 'Object Repository/common/searchBtn' is clickable

2021-01-06 14:41:35 - [MESSAGE][PASSED] - Object: 'Object Repository/common/searchBtn' is clicked on

2021-01-06 14:41:37 - [MESSAGE][PASSED] - Delayed 2 second(s)

2021-01-06 14:41:38 - [MESSAGE][PASSED] - Web element with id: 'Object Repository/common/spinner' located by 'By.xpath: //*[@class='spinner spinner-loader ng-star-inserted']
' is not present after '120' second(s)

2021-01-06 14:41:38 - [MESSAGE][PASSED] - Delayed 5 second(s)

2021-01-06 14:41:38 - [MESSAGE][PASSED] - Taking screenshot successfully
[[ATTACHMENT|C:\\\\workspace\\\\EaglePerformanceTest\\\\Reports\\\\screenshot1609915298075.png]]

2021-01-06 14:41:38 - [MESSAGE][PASSED] - Modify property of object successfully

2021-01-06 14:41:38 - [MESSAGE][PASSED] - Modify property of object successfully

2021-01-06 14:41:38 - [MESSAGE][PASSED] - Object: 'Object Repository/overviewPages/readingAndApprova/nameHyperLink' is clicked on

2021-01-06 14:41:40 - [MESSAGE][PASSED] - Delayed 2 second(s)

2021-01-06 14:41:40 - [MESSAGE][PASSED] - Object 'Object Repository/dataScreen/dataScreenPageHeading' is present

2021-01-06 14:41:41 - [MESSAGE][PASSED] - Taking screenshot successfully
[[ATTACHMENT|C:\\\\workspace\\\\EaglePerformanceTest\\\\Reports\\\\screenshot1609915300732.png]]

2021-01-06 14:41:41 - [MESSAGE][PASSED] - Object 'Object Repository/dataScreen/periodField' is present

2021-01-06 14:41:41 - [MESSAGE][PASSED] - Taking screenshot successfully
[[ATTACHMENT|C:\\\\workspace\\\\EaglePerformanceTest\\\\Reports\\\\screenshot1609915301100.png]]

2021-01-06 14:41:41 - [MESSAGE][PASSED] - Object: 'Object Repository/user/userBtn' is clicked on

2021-01-06 14:41:41 - [MESSAGE][PASSED] - Object 'Object Repository/user/signout' is visible

2021-01-06 14:41:43 - [MESSAGE][PASSED] - Delayed 5 second(s)

2021-01-06 14:41:44 - [MESSAGE][PASSED] - Delayed 3 second(s)

2021-01-06 14:41:46 - [MESSAGE][PASSED] - Object: 'Object Repository/user/signout' is clicked on

2021-01-06 14:41:48 - [MESSAGE][PASSED] - Delayed 5 second(s)

2021-01-06 14:41:48 - [MESSAGE][PASSED] - Object 'Object Repository/logIn/loginBtn' is visible

2021-01-06 14:41:48 - [MESSAGE][PASSED] - Wait for page load successfully

2021-01-06 14:41:48 - [MESSAGE][PASSED] - Taking screenshot successfully
[[ATTACHMENT|C:\\\\workspace\\\\EaglePerformanceTest\\\\Reports\\\\screenshot1609915308516.png]]

2021-01-06 14:41:53 - [MESSAGE][PASSED] - Delayed 5 second(s)

2021-01-06 14:41:53 - [MESSAGE][PASSED] - Delayed 5 second(s)

2021-01-06 14:41:58 - [MESSAGE][PASSED] - Delayed 5 second(s)

2021-01-06 14:41:58 - [TEST_STEP][PASSED] - Start listener action : sampleAfterTestCase: null]]></system-out>
         <system-err><![CDATA[]]></system-err>
      </testcase>
      <system-out><![CDATA[2021-01-06 14:40:16 - [TEST_SUITE][PASSED] - eagleLoardTest: Test Cases/Eagle performance test]]></system-out>
      <system-err><![CDATA[]]></system-err>
   </testsuite>
</testsuites>
